<?xml version="1.0" encoding="UTF-8"?>
<!-- Generated by org.testng.reporters.JUnitReportReporter -->
<testsuite hostname="Nimitha" failures="0" tests="3" name="Testng_basics.Working_groups" time="0.019" errors="0" timestamp="2022-11-10T16:17:58 IST" skipped="0">
  <testcase classname="Testng_basics.Working_groups" name="Register" time="0.017"/>
  <system-out/>
  <testcase classname="Testng_basics.Working_groups" name="LoginDemowebshop" time="0.001"/>
  <system-out/>
  <testcase classname="Testng_basics.Working_groups" name="Logout" time="0.001"/>
  <system-out/>
</testsuite> <!-- Testng_basics.Working_groups -->
