<?xml version="1.0" encoding="UTF-8"?>
<!-- Generated by org.testng.reporters.JUnitReportReporter -->
<testsuite hostname="Nimitha" failures="0" tests="1" name="Testng_basics.Working_withDataprovider" time="0.016" errors="0" timestamp="2022-11-11T15:27:13 IST" skipped="0">
  <testcase classname="Testng_basics.Working_withDataprovider" name="testdatademo" time="0.016"/>
  <system-out/>
</testsuite> <!-- Testng_basics.Working_withDataprovider -->
