<?xml version="1.0" encoding="UTF-8"?>
<!-- Generated by org.testng.reporters.JUnitReportReporter -->
<testsuite hostname="Nimitha" failures="0" tests="2" name="Testcases_1.Multiple_attest" time="0.007" errors="0" timestamp="2022-11-10T13:25:56 IST" skipped="0">
  <testcase classname="Testcases_1.Multiple_attest" name="Restaurant" time="0.002"/>
  <system-out/>
  <testcase classname="Testcases_1.Multiple_attest" name="Cooking" time="0.005"/>
  <system-out/>
</testsuite> <!-- Testcases_1.Multiple_attest -->
