<?xml version="1.0" encoding="UTF-8"?>
<!-- Generated by org.testng.reporters.JUnitReportReporter -->
<testsuite hostname="Nimitha" failures="0" tests="1" name="Page_Object_Model.Register_loginTest" time="2.056" errors="0" timestamp="2022-11-21T17:38:25 IST" skipped="0">
  <testcase classname="Page_Object_Model.Register_loginTest" name="TC01" time="2.056"/>
  <system-out/>
</testsuite> <!-- Page_Object_Model.Register_loginTest -->
