<?xml version="1.0" encoding="UTF-8"?>
<!-- Generated by org.testng.reporters.JUnitReportReporter -->
<testsuite hostname="Nimitha" failures="0" tests="1" name="Testcases_1.Testcases_01" time="7.044" errors="0" timestamp="2022-11-08T16:06:22 IST" skipped="0">
  <testcase classname="Testcases_1.Testcases_01" name="demo" time="7.044"/>
  <system-out/>
</testsuite> <!-- Testcases_1.Testcases_01 -->
