<?xml version="1.0" encoding="UTF-8"?>
<!-- Generated by org.testng.reporters.JUnitReportReporter -->
<testsuite hostname="Nimitha" failures="0" tests="1" name="selenium_basics.Utility_01" time="1.760" errors="0" timestamp="2022-11-14T15:59:15 IST" skipped="0">
  <testcase classname="selenium_basics.Utility_01" name="login" time="1.760"/>
  <system-out/>
</testsuite> <!-- selenium_basics.Utility_01 -->
