<?xml version="1.0" encoding="UTF-8"?>
<!-- Generated by org.testng.reporters.JUnitReportReporter -->
<testsuite hostname="Nimitha" failures="0" tests="1" name="Testng_basics.Demo_1" time="10.642" errors="0" timestamp="2022-11-11T12:58:38 IST" skipped="0">
  <testcase classname="Testng_basics.Demo_1" name="demo" time="10.642"/>
  <system-out/>
</testsuite> <!-- Testng_basics.Demo_1 -->
