<?xml version="1.0" encoding="UTF-8"?>
<!-- Generated by org.testng.reporters.JUnitReportReporter -->
<testsuite hostname="Nimitha" failures="0" tests="1" name="Testng_basics.Working_with_basics1" time="17.801" errors="0" timestamp="2022-11-08T13:09:25 IST" skipped="0">
  <testcase classname="Testng_basics.Working_with_basics1" name="demo" time="17.801"/>
  <system-out/>
</testsuite> <!-- Testng_basics.Working_with_basics1 -->
