<?xml version="1.0" encoding="UTF-8"?>
<!-- Generated by org.testng.reporters.JUnitReportReporter -->
<testsuite hostname="Nimitha" failures="0" tests="1" name="Testng_basics.Working_with_basics" time="0.014" errors="0" timestamp="2022-11-08T12:49:25 IST" skipped="0">
  <testcase classname="Testng_basics.Working_with_basics" name="demo" time="0.014"/>
  <system-out/>
</testsuite> <!-- Testng_basics.Working_with_basics -->
