<?xml version="1.0" encoding="UTF-8"?>
<!-- Generated by org.testng.reporters.JUnitReportReporter -->
<testsuite hostname="Nimitha" failures="0" tests="3" name="selenium_assignment.Working_withdataprovider01" time="25.771" errors="0" timestamp="2022-11-11T18:03:46 IST" skipped="0">
  <testcase classname="selenium_assignment.Working_withdataprovider01" name="testdatademo" time="9.114"/>
  <system-out/>
  <testcase classname="selenium_assignment.Working_withdataprovider01" name="testdatademo" time="8.416"/>
  <system-out/>
  <testcase classname="selenium_assignment.Working_withdataprovider01" name="testdatademo" time="8.241"/>
  <system-out/>
</testsuite> <!-- selenium_assignment.Working_withdataprovider01 -->
