<?xml version="1.0" encoding="UTF-8"?>
<!-- Generated by org.testng.reporters.JUnitReportReporter -->
<testsuite hostname="Nimitha" failures="0" tests="1" name="Testcases_1.Ola_Register" time="3.294" errors="0" timestamp="2022-11-17T12:03:25 IST" skipped="0">
  <testcase classname="Testcases_1.Ola_Register" name="demo" time="3.294"/>
  <system-out/>
</testsuite> <!-- Testcases_1.Ola_Register -->
