<?xml version="1.0" encoding="UTF-8"?>
<!-- Generated by org.testng.reporters.JUnitReportReporter -->
<testsuite hostname="Nimitha" failures="0" tests="8" name="Testng_basics.Working_withDataprovider_1" time="0.028" errors="0" timestamp="2022-11-11T16:10:03 IST" skipped="0">
  <testcase classname="Testng_basics.Working_withDataprovider_1" name="testdatademo" time="0.001"/>
  <system-out/>
  <testcase classname="Testng_basics.Working_withDataprovider_1" name="testdatademo" time="0.002"/>
  <system-out/>
  <testcase classname="Testng_basics.Working_withDataprovider_1" name="testdatademo" time="0.001"/>
  <system-out/>
  <testcase classname="Testng_basics.Working_withDataprovider_1" name="testdatademo" time="0.018"/>
  <system-out/>
  <testcase classname="Testng_basics.Working_withDataprovider_1" name="testdatademo" time="0.001"/>
  <system-out/>
  <testcase classname="Testng_basics.Working_withDataprovider_1" name="testdatademo" time="0.002"/>
  <system-out/>
  <testcase classname="Testng_basics.Working_withDataprovider_1" name="testdatademo" time="0.001"/>
  <system-out/>
  <testcase classname="Testng_basics.Working_withDataprovider_1" name="testdatademo" time="0.002"/>
  <system-out/>
</testsuite> <!-- Testng_basics.Working_withDataprovider_1 -->
