<?xml version="1.0" encoding="UTF-8"?>
<!-- Generated by org.testng.reporters.JUnitReportReporter -->
<testsuite hostname="Nimitha" failures="0" tests="2" name="Testng_basics.Depends_onpriority" time="0.015" errors="0" timestamp="2022-11-10T12:44:54 IST" skipped="0">
  <testcase classname="Testng_basics.Depends_onpriority" name="LoginDemowebshop" time="0.014"/>
  <system-out/>
  <testcase classname="Testng_basics.Depends_onpriority" name="Wishlist" time="0.001"/>
  <system-out/>
</testsuite> <!-- Testng_basics.Depends_onpriority -->
