<?xml version="1.0" encoding="UTF-8"?>
<!-- Generated by org.testng.reporters.JUnitReportReporter -->
<testsuite hostname="Nimitha" failures="0" tests="1" name="Testng_basics.Working_with_Propertyfile" time="0.016" errors="0" timestamp="2022-11-15T16:59:49 IST" skipped="0">
  <testcase classname="Testng_basics.Working_with_Propertyfile" name="propertydemo" time="0.016"/>
  <system-out/>
</testsuite> <!-- Testng_basics.Working_with_Propertyfile -->
