<?xml version="1.0" encoding="UTF-8"?>
<!-- Generated by org.testng.reporters.JUnitReportReporter -->
<testsuite hostname="Nimitha" failures="0" tests="1" name="Testng_basics.Demo_2" time="12.647" errors="0" timestamp="2022-11-11T12:58:38 IST" skipped="0">
  <testcase classname="Testng_basics.Demo_2" name="demo" time="12.647"/>
  <system-out/>
</testsuite> <!-- Testng_basics.Demo_2 -->
