<?xml version="1.0" encoding="UTF-8"?>
<!-- Generated by org.testng.reporters.JUnitReportReporter -->
<testsuite hostname="Nimitha" failures="0" tests="1" name="Page_Object_Model.Scrolldown02" time="0.369" errors="0" timestamp="2022-11-21T10:58:35 IST" skipped="0">
  <testcase classname="Page_Object_Model.Scrolldown02" name="T3est_case" time="0.369"/>
  <system-out/>
</testsuite> <!-- Page_Object_Model.Scrolldown02 -->
