<?xml version="1.0" encoding="UTF-8"?>
<!-- Generated by org.testng.reporters.JUnitReportReporter -->
<testsuite hostname="Nimitha" failures="0" tests="1" name="Testcases_1.Drop_downUtility" time="2.318" errors="0" timestamp="2022-11-15T10:43:12 IST" skipped="0">
  <testcase classname="Testcases_1.Drop_downUtility" name="nnn" time="2.318"/>
  <system-out/>
</testsuite> <!-- Testcases_1.Drop_downUtility -->
