<?xml version="1.0" encoding="UTF-8"?>
<!-- Generated by org.testng.reporters.JUnitReportReporter -->
<testsuite hostname="Nimitha" failures="0" tests="1" name="Testcases_1.Configuration" time="0.004" errors="0" timestamp="2022-11-10T13:23:37 IST" skipped="0">
  <testcase classname="Testcases_1.Configuration" name="second" time="0.004"/>
  <system-out/>
</testsuite> <!-- Testcases_1.Configuration -->
