<?xml version="1.0" encoding="UTF-8"?>
<!-- Generated by org.testng.reporters.JUnitReportReporter -->
<testsuite hostname="Nimitha" failures="0" tests="1" name="Testng_basics.Depends_on" time="0.011" errors="0" timestamp="2022-11-10T12:34:52 IST" skipped="0">
  <testcase classname="Testng_basics.Depends_on" name="Register" time="0.011"/>
  <system-out/>
</testsuite> <!-- Testng_basics.Depends_on -->
