<?xml version="1.0" encoding="UTF-8"?>
<!-- Generated by org.testng.reporters.JUnitReportReporter -->
<testsuite hostname="Nimitha" failures="0" tests="3" name="Testng_basics.Inocation_1" time="21.695" errors="0" timestamp="2022-11-11T11:56:47 IST" skipped="0">
  <testcase classname="Testng_basics.Inocation_1" name="demo" time="5.535"/>
  <system-out/>
  <testcase classname="Testng_basics.Inocation_1" name="demo" time="8.092"/>
  <system-out/>
  <testcase classname="Testng_basics.Inocation_1" name="demo" time="8.068"/>
  <system-out/>
</testsuite> <!-- Testng_basics.Inocation_1 -->
