<?xml version="1.0" encoding="UTF-8"?>
<!-- Generated by org.testng.reporters.JUnitReportReporter -->
<testsuite hostname="Nimitha" failures="0" tests="1" name="Testcases_1.Testcases_Register" time="1.773" errors="0" timestamp="2022-11-10T13:25:56 IST" skipped="0">
  <testcase classname="Testcases_1.Testcases_Register" name="Browsersetup" time="1.773"/>
  <system-out/>
</testsuite> <!-- Testcases_1.Testcases_Register -->
