<?xml version="1.0" encoding="UTF-8"?>
<!-- Generated by org.testng.reporters.JUnitReportReporter -->
<testsuite hostname="Nimitha" failures="0" tests="1" name="Page_Object_Model.Advances_search_pom2" time="2.287" errors="0" timestamp="2022-11-21T17:38:25 IST" skipped="0">
  <testcase classname="Page_Object_Model.Advances_search_pom2" name="Advance_Test" time="2.287"/>
  <system-out/>
</testsuite> <!-- Page_Object_Model.Advances_search_pom2 -->
