<?xml version="1.0" encoding="UTF-8"?>
<!-- Generated by org.testng.reporters.JUnitReportReporter -->
<testsuite hostname="Nimitha" failures="0" tests="1" name="Testcases_1.Accessories" time="1.027" errors="0" timestamp="2022-11-15T12:37:04 IST" skipped="0">
  <testcase classname="Testcases_1.Accessories" name="demo1" time="1.027"/>
  <system-out/>
</testsuite> <!-- Testcases_1.Accessories -->
