<?xml version="1.0" encoding="UTF-8"?>
<!-- Generated by org.testng.reporters.JUnitReportReporter -->
<testsuite hostname="Nimitha" failures="0" tests="5" name="selenium_assignment.Working_withdataLogin" time="33.811" errors="0" timestamp="2022-11-14T10:34:58 IST" skipped="0">
  <testcase classname="selenium_assignment.Working_withdataLogin" name="testdatademo" time="6.438"/>
  <system-out/>
  <testcase classname="selenium_assignment.Working_withdataLogin" name="testdatademo" time="7.190"/>
  <system-out/>
  <testcase classname="selenium_assignment.Working_withdataLogin" name="testdatademo" time="6.546"/>
  <system-out/>
  <testcase classname="selenium_assignment.Working_withdataLogin" name="testdatademo" time="6.722"/>
  <system-out/>
  <testcase classname="selenium_assignment.Working_withdataLogin" name="testdatademo" time="6.915"/>
  <system-out/>
</testsuite> <!-- selenium_assignment.Working_withdataLogin -->
