<?xml version="1.0" encoding="UTF-8"?>
<!-- Generated by org.testng.reporters.JUnitReportReporter -->
<testsuite hostname="Nimitha" failures="0" tests="1" name="Testng_basics.Demo_3" time="7.269" errors="0" timestamp="2022-11-11T13:22:04 IST" skipped="0">
  <testcase classname="Testng_basics.Demo_3" name="demo" time="7.269"/>
  <system-out/>
</testsuite> <!-- Testng_basics.Demo_3 -->
