<?xml version="1.0" encoding="UTF-8"?>
<!-- Generated by org.testng.reporters.JUnitReportReporter -->
<testsuite hostname="Nimitha" failures="0" tests="1" name="Testng_basics.Working_wth_excel_01" time="0.940" errors="0" timestamp="2022-11-16T15:14:04 IST" skipped="0">
  <testcase classname="Testng_basics.Working_wth_excel_01" name="name" time="0.940"/>
  <system-out/>
</testsuite> <!-- Testng_basics.Working_wth_excel_01 -->
